<?xml version="1.0" encoding="UTF-8"?>
<testsuite xmlns:xsi="http://www.w3.org/2001/XMLSchema-instance" xsi:noNamespaceSchemaLocation="https://maven.apache.org/surefire/maven-surefire-plugin/xsd/surefire-test-report-3.0.xsd" version="3.0" name="dev.telegrambots.youtubemp3downloader.ProcessRunnerAdvancedIntegrationTest" time="0.083" tests="13" errors="0" skipped="0" failures="0">
  <properties>
[...]
</properties>
  <testcase name="testVeryLongCommandLine" classname="dev.telegrambots.youtubemp3downloader.ProcessRunnerAdvancedIntegrationTest" time="0.005"/>
  <testcase name="testAlternatingSuccessFailure" classname="dev.telegrambots.youtubemp3downloader.ProcessRunnerAdvancedIntegrationTest" time="0.001"/>
  <testcase name="testBinaryDataOutput" classname="dev.telegrambots.youtubemp3downloader.ProcessRunnerAdvancedIntegrationTest" time="0.002"/>
  <testcase name="testTimeoutScenarios" classname="dev.telegrambots.youtubemp3downloader.ProcessRunnerAdvancedIntegrationTest" time="0.001"/>
  <testcase name="testMixedNullValidArguments" classname="dev.telegrambots.youtubemp3downloader.ProcessRunnerAdvancedIntegrationTest" time="0.001"/>
  <testcase name="testRapidSequentialCalls" classname="dev.telegrambots.youtubemp3downloader.ProcessRunnerAdvancedIntegrationTest" time="0.052"/>
  <testcase name="testNullArguments" classname="dev.telegrambots.youtubemp3downloader.ProcessRunnerAdvancedIntegrationTest" time="0.003"/>
  <testcase name="testDifferentExitCodes" classname="dev.telegrambots.youtubemp3downloader.ProcessRunnerAdvancedIntegrationTest" time="0.001"/>
  <testcase name="testManyArguments" classname="dev.telegrambots.youtubemp3downloader.ProcessRunnerAdvancedIntegrationTest" time="0.001"/>
  <testcase name="testVeryLargeOutput" classname="dev.telegrambots.youtubemp3downloader.ProcessRunnerAdvancedIntegrationTest" time="0.001"/>
  <testcase name="testEmptyCommand" classname="dev.telegrambots.youtubemp3downloader.ProcessRunnerAdvancedIntegrationTest" time="0.0"/>
  <testcase name="testSpecialCharacterOutput" classname="dev.telegrambots.youtubemp3downloader.ProcessRunnerAdvancedIntegrationTest" time="0.004"/>
  <testcase name="testConcurrentProcessExecution" classname="dev.telegrambots.youtubemp3downloader.ProcessRunnerAdvancedIntegrationTest" time="0.005"/>
</testsuite>